debug 2026/03/15 10:57:42 {Do you want a React frontend framework? 0 [] yes}
debug 2026/03/15 10:57:42 Do you want a React frontend framework?
debug 2026/03/15 10:57:42 {WebApp React React C C Store MongoDB }
debug 2026/03/15 10:57:42 [{{Do you want a React frontend framework? 0 [yes no] } 0} {{Choose a backend React framework 0 [Nextjs ReactRouter Express] } 0}]
debug 2026/03/15 10:57:44 {Choose a backend React framework 0 [] Nextjs}
debug 2026/03/15 10:57:44 Choose a backend React framework
debug 2026/03/15 10:57:44 {WebApp React React C C Store MongoDB }
debug 2026/03/15 10:57:44 [{{Do you want a React frontend framework? 0 [yes no] } 0} {{Choose a backend React framework 0 [Nextjs ReactRouter Express] } 0} {{Pick a starting UI 0 [Store Download Blog Empty] } 0}]
debug 2026/03/15 10:58:35 {Do you want a React frontend framework? 0 [] yes}
debug 2026/03/15 10:58:35 Do you want a React frontend framework?
debug 2026/03/15 10:58:35 case 2
debug 2026/03/15 10:58:35 {WebApp React React C C Store MongoDB }
debug 2026/03/15 10:58:35 [{{Do you want a React frontend framework? 0 [yes no] } 0} {{Choose a backend React framework 0 [Nextjs ReactRouter Express] } 0}]
debug 2026/03/15 10:58:43 {Choose a backend React framework 0 [] Nextjs}
debug 2026/03/15 10:58:43 Choose a backend React framework
debug 2026/03/15 10:58:43 {WebApp React React C C Store MongoDB }
debug 2026/03/15 10:58:43 [{{Do you want a React frontend framework? 0 [yes no] } 0} {{Choose a backend React framework 0 [Nextjs ReactRouter Express] } 0} {{Pick a starting UI 0 [Store Download Blog Empty] } 0}]
debug 2026/03/15 10:59:42 {Do you want a React frontend framework? 0 [] yes}
debug 2026/03/15 10:59:42 Do you want a React frontend framework?
debug 2026/03/15 10:59:42 {WebApp React React C C Store MongoDB }
debug 2026/03/15 10:59:42 [{{Do you want a React frontend framework? 0 [yes no] } 0} {{Choose a backend React framework 0 [Nextjs ReactRouter Express] } 0}]
debug 2026/03/15 10:59:43 {Choose a backend React framework 0 [] Nextjs}
debug 2026/03/15 10:59:43 Choose a backend React framework
debug 2026/03/15 10:59:43 {WebApp React NextJS C C Store MongoDB }
debug 2026/03/15 10:59:43 [{{Do you want a React frontend framework? 0 [yes no] } 0} {{Choose a backend React framework 0 [Nextjs ReactRouter Express] } 0} {{Pick a starting UI 0 [Store Download Blog Empty] } 0}]
debug 2026/03/15 10:59:43 {Pick a starting UI 0 [] Store}
debug 2026/03/15 10:59:43 Pick a starting UI
debug 2026/03/15 10:59:43 {WebApp React NextJS C C Store MongoDB }
debug 2026/03/15 10:59:43 [{{Do you want a React frontend framework? 0 [yes no] } 0} {{Choose a backend React framework 0 [Nextjs ReactRouter Express] } 0} {{Pick a starting UI 0 [Store Download Blog Empty] } 0} {{end of cycle into new section 0 [MongoDB SQLite None] } 0}]
debug 2026/03/15 10:59:43 {end of cycle into new section 0 [] MongoDB}
debug 2026/03/15 10:59:43 end of cycle into new section
debug 2026/03/15 10:59:43 {WebApp React NextJS C C Store MongoDB }
debug 2026/03/15 10:59:43 [{{Do you want a React frontend framework? 0 [yes no] } 0} {{Choose a backend React framework 0 [Nextjs ReactRouter Express] } 0} {{Pick a starting UI 0 [Store Download Blog Empty] } 0} {{end of cycle into new section 0 [MongoDB SQLite None] } 0} {{Confirm project configuration 2 [Y n] } 0}]
debug 2026/03/15 11:00:35 {Do you want a React frontend framework? 0 [] yes}
debug 2026/03/15 11:00:35 Do you want a React frontend framework?
debug 2026/03/15 11:00:35 {WebApp React React C C Store MongoDB }
debug 2026/03/15 11:00:35 [{{Do you want a React frontend framework? 0 [yes no] } 0} {{Choose a backend React framework 0 [Nextjs ReactRouter Express] } 0}]
debug 2026/03/15 11:00:35 {Choose a backend React framework 0 [] Nextjs}
debug 2026/03/15 11:00:35 Choose a backend React framework
debug 2026/03/15 11:00:35 {WebApp React NextJS C C Store MongoDB }
debug 2026/03/15 11:00:35 [{{Do you want a React frontend framework? 0 [yes no] } 0} {{Choose a backend React framework 0 [Nextjs ReactRouter Express] } 0} {{Pick a starting UI 0 [Store Download Blog Empty] } 0}]
debug 2026/03/15 11:00:36 {Pick a starting UI 0 [] Store}
debug 2026/03/15 11:00:36 Pick a starting UI
debug 2026/03/15 11:00:36 {WebApp React NextJS C C Store MongoDB }
debug 2026/03/15 11:00:36 [{{Do you want a React frontend framework? 0 [yes no] } 0} {{Choose a backend React framework 0 [Nextjs ReactRouter Express] } 0} {{Pick a starting UI 0 [Store Download Blog Empty] } 0} {{end of cycle into new section 0 [MongoDB SQLite None] } 0}]
debug 2026/03/15 11:00:37 {end of cycle into new section 0 [] SQLite}
debug 2026/03/15 11:00:37 end of cycle into new section
debug 2026/03/15 11:00:37 {WebApp React NextJS C C Store SQLite }
debug 2026/03/15 11:00:37 [{{Do you want a React frontend framework? 0 [yes no] } 0} {{Choose a backend React framework 0 [Nextjs ReactRouter Express] } 0} {{Pick a starting UI 0 [Store Download Blog Empty] } 0} {{end of cycle into new section 0 [MongoDB SQLite None] } 1} {{Confirm project configuration 2 [Y n] } 0}]
debug 2026/03/15 11:01:06 {Do you want a React frontend framework? 0 [] no}
debug 2026/03/15 11:01:06 Do you want a React frontend framework?
debug 2026/03/15 11:01:06 {WebApp React React C C Store MongoDB }
debug 2026/03/15 11:01:06 [{{Do you want a React frontend framework? 0 [yes no] } 1} {{Choose a backend framework 0 [Express Node None] } 0}]
debug 2026/03/15 11:01:08 {Choose a backend framework 0 [] Node}
debug 2026/03/15 11:01:08 Choose a backend framework
debug 2026/03/15 11:01:08 {WebApp React React C C Store MongoDB }
debug 2026/03/15 11:01:08 [{{Do you want a React frontend framework? 0 [yes no] } 1} {{Choose a backend framework 0 [Express Node None] } 1} {{Pick a starting UI 0 [Store Download Blog Empty] } 0}]
debug 2026/03/15 11:01:09 {Pick a starting UI 0 [] Store}
debug 2026/03/15 11:01:09 Pick a starting UI
debug 2026/03/15 11:01:09 {WebApp React React C C Store MongoDB }
debug 2026/03/15 11:01:09 [{{Do you want a React frontend framework? 0 [yes no] } 1} {{Choose a backend framework 0 [Express Node None] } 1} {{Pick a starting UI 0 [Store Download Blog Empty] } 0} {{end of cycle into new section 0 [MongoDB SQLite None] } 0}]
debug 2026/03/15 11:01:10 {end of cycle into new section 0 [] MongoDB}
debug 2026/03/15 11:01:10 end of cycle into new section
debug 2026/03/15 11:01:10 {WebApp React React C C Store MongoDB }
debug 2026/03/15 11:01:10 [{{Do you want a React frontend framework? 0 [yes no] } 1} {{Choose a backend framework 0 [Express Node None] } 1} {{Pick a starting UI 0 [Store Download Blog Empty] } 0} {{end of cycle into new section 0 [MongoDB SQLite None] } 0} {{Confirm project configuration 2 [Y n] } 0}]
debug 2026/03/15 11:01:37 {Do you want a React frontend framework? 0 [] yes}
debug 2026/03/15 11:01:37 Do you want a React frontend framework?
debug 2026/03/15 11:01:37 {WebApp React React C C Store MongoDB }
debug 2026/03/15 11:01:37 [{{Do you want a React frontend framework? 0 [yes no] } 0} {{Choose a backend React framework 0 [Nextjs ReactRouter Express] } 0}]
debug 2026/03/15 11:01:38 {Choose a backend React framework 0 [] Express}
debug 2026/03/15 11:01:38 Choose a backend React framework
debug 2026/03/15 11:01:38 {WebApp React ExpressJs C C Store MongoDB }
debug 2026/03/15 11:01:38 [{{Do you want a React frontend framework? 0 [yes no] } 0} {{Choose a backend React framework 0 [Nextjs ReactRouter Express] } 2} {{Pick a starting UI 0 [Store Download Blog Empty] } 0}]
debug 2026/03/15 11:01:39 {Pick a starting UI 0 [] Download}
debug 2026/03/15 11:01:39 Pick a starting UI
debug 2026/03/15 11:01:39 {WebApp React ExpressJs C C Download MongoDB }
debug 2026/03/15 11:01:39 [{{Do you want a React frontend framework? 0 [yes no] } 0} {{Choose a backend React framework 0 [Nextjs ReactRouter Express] } 2} {{Pick a starting UI 0 [Store Download Blog Empty] } 1} {{end of cycle into new section 0 [MongoDB SQLite None] } 0}]
debug 2026/03/15 11:01:40 {end of cycle into new section 0 [] MongoDB}
debug 2026/03/15 11:01:40 end of cycle into new section
debug 2026/03/15 11:01:40 {WebApp React ExpressJs C C Download MongoDB }
debug 2026/03/15 11:01:40 [{{Do you want a React frontend framework? 0 [yes no] } 0} {{Choose a backend React framework 0 [Nextjs ReactRouter Express] } 2} {{Pick a starting UI 0 [Store Download Blog Empty] } 1} {{end of cycle into new section 0 [MongoDB SQLite None] } 0} {{Confirm project configuration 2 [Y n] } 0}]
debug 2026/03/15 11:02:15 {Do you want a React frontend framework? 0 [] yes}
debug 2026/03/15 11:02:15 Do you want a React frontend framework?
debug 2026/03/15 11:02:15 {WebApp React React C C Store MongoDB }
debug 2026/03/15 11:02:15 [{{Do you want a React frontend framework? 0 [yes no] } 0} {{Choose a backend React framework 0 [Nextjs ReactRouter Express] } 0}]
debug 2026/03/15 11:02:15 {Choose a backend React framework 0 [] Nextjs}
debug 2026/03/15 11:02:15 Choose a backend React framework
debug 2026/03/15 11:02:15 {WebApp React NextJS C C Store MongoDB }
debug 2026/03/15 11:02:15 [{{Do you want a React frontend framework? 0 [yes no] } 0} {{Choose a backend React framework 0 [Nextjs ReactRouter Express] } 0} {{Pick a starting UI 0 [Store Download Blog Empty] } 0}]
debug 2026/03/15 11:02:16 {Pick a starting UI 0 [] Store}
debug 2026/03/15 11:02:16 Pick a starting UI
debug 2026/03/15 11:02:16 {WebApp React NextJS C C Store MongoDB }
debug 2026/03/15 11:02:16 [{{Do you want a React frontend framework? 0 [yes no] } 0} {{Choose a backend React framework 0 [Nextjs ReactRouter Express] } 0} {{Pick a starting UI 0 [Store Download Blog Empty] } 0} {{end of cycle into new section 0 [MongoDB SQLite None] } 0}]
debug 2026/03/15 11:02:16 {end of cycle into new section 0 [] MongoDB}
debug 2026/03/15 11:02:16 end of cycle into new section
debug 2026/03/15 11:02:16 {WebApp React NextJS C C Store MongoDB }
debug 2026/03/15 11:02:16 [{{Do you want a React frontend framework? 0 [yes no] } 0} {{Choose a backend React framework 0 [Nextjs ReactRouter Express] } 0} {{Pick a starting UI 0 [Store Download Blog Empty] } 0} {{end of cycle into new section 0 [MongoDB SQLite None] } 0} {{Confirm project configuration 2 [Y n] } 0}]
